2015-10-11 20:04:16,187  WARN [ModalContext] - ScalaProject - Project Crawler has platform default sourceLevel.
2015-10-11 20:04:16,188  WARN [ModalContext] - ScalaProject - Project Crawler runs on platform default installation.
2015-10-11 20:04:16,451  WARN [Worker-2] - ScalaProject - Project Crawler has platform default sourceLevel.
2015-10-11 20:04:16,451  WARN [Worker-2] - ScalaProject - Project Crawler runs on platform default installation.
2015-10-11 20:04:26,004  WARN [main] - ScalaProject - Project Crawler has platform default sourceLevel.
2015-10-11 20:04:26,004  WARN [main] - ScalaProject - Project Crawler runs on platform default installation.
2015-10-11 20:04:27,484  WARN [Worker-2] - ScalaProject - Project Crawler has platform default sourceLevel.
2015-10-11 20:04:27,485  WARN [Worker-2] - ScalaProject - Project Crawler runs on platform default installation.
2015-10-11 20:04:27,498  WARN [Worker-2] - ScalaProject - Project Crawler has platform default sourceLevel.
2015-10-11 20:04:27,498  WARN [Worker-2] - ScalaProject - Project Crawler runs on platform default installation.
2015-10-11 20:04:28,379  WARN [main] - ScalaProject - Project Crawler has platform default sourceLevel.
2015-10-11 20:04:28,379  WARN [main] - ScalaProject - Project Crawler runs on platform default installation.
2015-10-11 20:04:28,656  WARN [Worker-5] - ScalaProject - Project Crawler has platform default sourceLevel.
2015-10-11 20:04:28,656  WARN [Worker-5] - ScalaProject - Project Crawler runs on platform default installation.
2015-10-11 20:04:28,668  WARN [Worker-5] - ScalaProject - Project Crawler has platform default sourceLevel.
2015-10-11 20:04:28,668  WARN [Worker-5] - ScalaProject - Project Crawler runs on platform default installation.
2015-10-11 20:04:29,149  WARN [Worker-5] - ScalaProject - Project Crawler has platform default sourceLevel.
2015-10-11 20:04:29,150  WARN [Worker-5] - ScalaProject - Project Crawler runs on platform default installation.
2015-10-11 20:04:36,462  WARN [Worker-4] - ScalaProject - Project Crawler has platform default sourceLevel.
2015-10-11 20:04:36,462  WARN [Worker-4] - ScalaProject - Project Crawler runs on platform default installation.
2015-10-11 20:04:36,473  WARN [Worker-4] - ScalaProject - Project Crawler has platform default sourceLevel.
2015-10-11 20:04:36,473  WARN [Worker-4] - ScalaProject - Project Crawler runs on platform default installation.
2015-10-11 20:04:36,765  WARN [Worker-4] - ScalaProject - Project Crawler has platform default sourceLevel.
2015-10-11 20:04:36,766  WARN [Worker-4] - ScalaProject - Project Crawler runs on platform default installation.
2015-10-11 20:05:13,969  WARN [main] - ScalaProject - Project Crawler has platform default sourceLevel.
2015-10-11 20:05:13,969  WARN [main] - ScalaProject - Project Crawler runs on platform default installation.
2015-10-11 20:05:13,972  WARN [main] - ScalaProject - Project Crawler has platform default sourceLevel.
2015-10-11 20:05:13,972  WARN [main] - ScalaProject - Project Crawler runs on platform default installation.
2015-10-11 20:05:25,257  WARN [Worker-3] - ScalaProject - Project Crawler has platform default sourceLevel.
2015-10-11 20:05:25,257  WARN [Worker-3] - ScalaProject - Project Crawler runs on platform default installation.
2015-10-11 20:05:25,280  WARN [Worker-3] - ScalaProject - Project Crawler has platform default sourceLevel.
2015-10-11 20:05:25,280  WARN [Worker-3] - ScalaProject - Project Crawler runs on platform default installation.
2015-10-11 20:05:25,362  WARN [Worker-3] - ScalaProject - Project Crawler has platform default sourceLevel.
2015-10-11 20:05:25,362  WARN [Worker-3] - ScalaProject - Project Crawler runs on platform default installation.
2015-10-11 20:05:56,845  WARN [Worker-3] - ScalaProject - Project Crawler has platform default sourceLevel.
2015-10-11 20:05:56,846  WARN [Worker-3] - ScalaProject - Project Crawler runs on platform default installation.
2015-10-11 20:05:56,961  WARN [Worker-2] - ScalaProject - Project Crawler has platform default sourceLevel.
2015-10-11 20:05:56,961  WARN [Worker-2] - ScalaProject - Project Crawler runs on platform default installation.
2015-10-11 20:05:56,970  WARN [Worker-2] - ScalaProject - Project Crawler has platform default sourceLevel.
2015-10-11 20:05:56,971  WARN [Worker-2] - ScalaProject - Project Crawler runs on platform default installation.
2015-10-11 20:05:57,757  WARN [org.scalaide.ui.internal.reconciliation.ScalaReconciler] - ScalaProject - Project Crawler has platform default sourceLevel.
2015-10-11 20:05:57,757  WARN [org.scalaide.ui.internal.reconciliation.ScalaReconciler] - ScalaProject - Project Crawler runs on platform default installation.
2015-10-11 20:05:58,863  WARN [Worker-2] - ScalaProject - Project Crawler has platform default sourceLevel.
2015-10-11 20:05:58,864  WARN [Worker-2] - ScalaProject - Project Crawler runs on platform default installation.
2015-10-11 20:06:45,058  WARN [ModalContext] - ScalaProject - Project Crawler has platform default sourceLevel.
2015-10-11 20:06:45,058  WARN [ModalContext] - ScalaProject - Project Crawler runs on platform default installation.
2015-10-11 20:06:45,346  WARN [Worker-6] - ScalaProject - Project Crawler has platform default sourceLevel.
2015-10-11 20:06:45,346  WARN [Worker-6] - ScalaProject - Project Crawler runs on platform default installation.
2015-10-11 20:06:45,354  WARN [Worker-6] - ScalaProject - Project Crawler has platform default sourceLevel.
2015-10-11 20:06:45,354  WARN [Worker-6] - ScalaProject - Project Crawler runs on platform default installation.
2015-10-11 20:06:45,366  WARN [Worker-6] - ScalaProject - Project Crawler has platform default sourceLevel.
2015-10-11 20:06:45,366  WARN [Worker-6] - ScalaProject - Project Crawler runs on platform default installation.
2015-10-11 20:06:56,870  WARN [main] - ScalaProject - Project Crawler has platform default sourceLevel.
2015-10-11 20:06:56,870  WARN [main] - ScalaProject - Project Crawler runs on platform default installation.
2015-10-11 20:06:59,339  WARN [main] - ScalaProject - Project Crawler has platform default sourceLevel.
2015-10-11 20:06:59,340  WARN [main] - ScalaProject - Project Crawler runs on platform default installation.
2015-10-11 20:06:59,429  WARN [Worker-2] - ScalaProject - Project Crawler has platform default sourceLevel.
2015-10-11 20:06:59,429  WARN [Worker-2] - ScalaProject - Project Crawler runs on platform default installation.
2015-10-11 20:06:59,439  WARN [Worker-2] - ScalaProject - Project Crawler has platform default sourceLevel.
2015-10-11 20:06:59,439  WARN [Worker-2] - ScalaProject - Project Crawler runs on platform default installation.
2015-10-11 20:07:01,193  WARN [Worker-2] - ScalaProject - Project Crawler has platform default sourceLevel.
2015-10-11 20:07:01,193  WARN [Worker-2] - ScalaProject - Project Crawler runs on platform default installation.
2015-10-11 20:07:46,190  WARN [main] - ScalaProject - Project Crawler has platform default sourceLevel.
2015-10-11 20:07:46,191  WARN [main] - ScalaProject - Project Crawler runs on platform default installation.
2015-10-11 20:07:46,194  WARN [main] - ScalaProject - Project Crawler has platform default sourceLevel.
2015-10-11 20:07:46,194  WARN [main] - ScalaProject - Project Crawler runs on platform default installation.
2015-10-11 20:08:03,468  WARN [Worker-2] - ScalaProject - Project Crawler has platform default sourceLevel.
2015-10-11 20:08:03,468  WARN [Worker-2] - ScalaProject - Project Crawler runs on platform default installation.
2015-10-11 20:08:03,491  WARN [Worker-2] - ScalaProject - Project Crawler has platform default sourceLevel.
2015-10-11 20:08:03,492  WARN [Worker-2] - ScalaProject - Project Crawler runs on platform default installation.
2015-10-11 20:08:03,566  WARN [Worker-2] - ScalaProject - Project Crawler has platform default sourceLevel.
2015-10-11 20:08:03,567  WARN [Worker-2] - ScalaProject - Project Crawler runs on platform default installation.
2015-10-11 20:08:27,140  WARN [Worker-0] - ScalaProject - Project Crawler has platform default sourceLevel.
2015-10-11 20:08:27,141  WARN [Worker-0] - ScalaProject - Project Crawler runs on platform default installation.
2015-10-11 20:08:27,255  WARN [Worker-7] - ScalaProject - Project Crawler has platform default sourceLevel.
2015-10-11 20:08:27,255  WARN [Worker-7] - ScalaProject - Project Crawler runs on platform default installation.
2015-10-11 20:08:27,264  WARN [Worker-7] - ScalaProject - Project Crawler has platform default sourceLevel.
2015-10-11 20:08:27,265  WARN [Worker-7] - ScalaProject - Project Crawler runs on platform default installation.
2015-10-11 20:08:27,962  WARN [org.scalaide.ui.internal.reconciliation.ScalaReconciler] - ScalaProject - Project Crawler has platform default sourceLevel.
2015-10-11 20:08:27,962  WARN [org.scalaide.ui.internal.reconciliation.ScalaReconciler] - ScalaProject - Project Crawler runs on platform default installation.
2015-10-11 20:08:29,088  WARN [Worker-7] - ScalaProject - Project Crawler has platform default sourceLevel.
2015-10-11 20:08:29,088  WARN [Worker-7] - ScalaProject - Project Crawler runs on platform default installation.
2015-10-11 20:09:16,019  WARN [main] - ScalaProject - Project Crawler has platform default sourceLevel.
2015-10-11 20:09:16,019  WARN [main] - ScalaProject - Project Crawler runs on platform default installation.
2015-10-11 20:09:16,022  WARN [main] - ScalaProject - Project Crawler has platform default sourceLevel.
2015-10-11 20:09:16,023  WARN [main] - ScalaProject - Project Crawler runs on platform default installation.
2015-10-11 20:09:31,758  WARN [Worker-2] - ScalaProject - Project Crawler has platform default sourceLevel.
2015-10-11 20:09:31,760  WARN [Worker-2] - ScalaProject - Project Crawler runs on platform default installation.
2015-10-11 20:09:31,791  WARN [Worker-2] - ScalaProject - Project Crawler has platform default sourceLevel.
2015-10-11 20:09:31,792  WARN [Worker-2] - ScalaProject - Project Crawler runs on platform default installation.
2015-10-11 20:09:31,898  WARN [Worker-2] - ScalaProject - Project Crawler has platform default sourceLevel.
2015-10-11 20:09:31,898  WARN [Worker-2] - ScalaProject - Project Crawler runs on platform default installation.
2015-10-11 20:09:31,998  WARN [Worker-2] - ScalaProject - Project Crawler has platform default sourceLevel.
2015-10-11 20:09:31,998  WARN [Worker-2] - ScalaProject - Project Crawler runs on platform default installation.
2015-10-11 20:09:36,634 ERROR [Worker-6] - System.err - SLF4J: Failed to load class "org.slf4j.impl.StaticLoggerBinder".
2015-10-11 20:09:36,634 ERROR [Worker-6] - System.err - SLF4J: Defaulting to no-operation (NOP) logger implementation
2015-10-11 20:09:36,634 ERROR [Worker-6] - System.err - SLF4J: See http://www.slf4j.org/codes.html#StaticLoggerBinder for further details.
2015-10-11 22:57:00,829  WARN [Worker-16] - ScalaProject - Project Crawler has platform default sourceLevel.
2015-10-11 22:57:00,829  WARN [Worker-16] - ScalaProject - Project Crawler runs on platform default installation.
2015-10-11 22:57:00,844  WARN [Worker-16] - ScalaProject - Project Crawler has platform default sourceLevel.
2015-10-11 22:57:00,845  WARN [Worker-16] - ScalaProject - Project Crawler runs on platform default installation.
2015-10-11 22:57:03,744  WARN [Worker-16] - ScalaProject - Project Crawler has platform default sourceLevel.
2015-10-11 22:57:03,744  WARN [Worker-16] - ScalaProject - Project Crawler runs on platform default installation.
2015-10-11 22:57:27,276  WARN [Worker-14] - ScalaProject - Project Crawler has platform default sourceLevel.
2015-10-11 22:57:27,277  WARN [Worker-14] - ScalaProject - Project Crawler runs on platform default installation.
2015-10-11 22:57:27,287  WARN [Worker-14] - ScalaProject - Project Crawler has platform default sourceLevel.
2015-10-11 22:57:27,287  WARN [Worker-14] - ScalaProject - Project Crawler runs on platform default installation.
2015-10-11 22:57:27,886  WARN [Worker-14] - ScalaProject - Project Crawler has platform default sourceLevel.
2015-10-11 22:57:27,886  WARN [Worker-14] - ScalaProject - Project Crawler runs on platform default installation.
2015-10-11 22:58:23,263  WARN [Worker-15] - ScalaProject - Project Crawler has platform default sourceLevel.
2015-10-11 22:58:23,263  WARN [Worker-15] - ScalaProject - Project Crawler runs on platform default installation.
2015-10-11 22:58:23,270  WARN [Worker-15] - ScalaProject - Project Crawler has platform default sourceLevel.
2015-10-11 22:58:23,270  WARN [Worker-15] - ScalaProject - Project Crawler runs on platform default installation.
2015-10-11 22:58:23,771  WARN [Worker-15] - ScalaProject - Project Crawler has platform default sourceLevel.
2015-10-11 22:58:23,771  WARN [Worker-15] - ScalaProject - Project Crawler runs on platform default installation.
2015-10-11 23:06:58,672 ERROR [Text Viewer Hover Presenter] - IScalaPresentationCompiler$ - Ignoring InterruptException
2015-10-11 23:06:58,673 ERROR [Text Viewer Hover Presenter] - IScalaPresentationCompiler$ - Ignoring InterruptException
2015-10-11 23:06:58,673 ERROR [Text Viewer Hover Presenter] - IScalaPresentationCompiler$ - Ignoring InterruptException
2015-10-11 23:07:03,528  WARN [Worker-8] - ScalaProject - Project Crawler has platform default sourceLevel.
2015-10-11 23:07:03,528  WARN [Worker-8] - ScalaProject - Project Crawler runs on platform default installation.
2015-10-11 23:07:03,540  WARN [Worker-8] - ScalaProject - Project Crawler has platform default sourceLevel.
2015-10-11 23:07:03,540  WARN [Worker-8] - ScalaProject - Project Crawler runs on platform default installation.
2015-10-11 23:07:06,119  WARN [Worker-8] - ScalaProject - Project Crawler has platform default sourceLevel.
2015-10-11 23:07:06,119  WARN [Worker-8] - ScalaProject - Project Crawler runs on platform default installation.
2015-10-11 23:07:35,247 ERROR [Text Viewer Hover Presenter] - IScalaPresentationCompiler$ - Ignoring InterruptException
2015-10-11 23:07:35,678 ERROR [Text Viewer Hover Presenter] - IScalaPresentationCompiler$ - Ignoring InterruptException
2015-10-11 23:07:35,678 ERROR [Text Viewer Hover Presenter] - IScalaPresentationCompiler$ - Ignoring InterruptException
2015-10-11 23:07:35,678 ERROR [Text Viewer Hover Presenter] - IScalaPresentationCompiler$ - Ignoring InterruptException
2015-10-11 23:07:56,041  WARN [Worker-3] - ScalaProject - Project Crawler has platform default sourceLevel.
2015-10-11 23:07:56,041  WARN [Worker-3] - ScalaProject - Project Crawler runs on platform default installation.
2015-10-11 23:07:56,048  WARN [Worker-3] - ScalaProject - Project Crawler has platform default sourceLevel.
2015-10-11 23:07:56,049  WARN [Worker-3] - ScalaProject - Project Crawler runs on platform default installation.
2015-10-11 23:07:58,576  WARN [Worker-3] - ScalaProject - Project Crawler has platform default sourceLevel.
2015-10-11 23:07:58,576  WARN [Worker-3] - ScalaProject - Project Crawler runs on platform default installation.
2015-10-11 23:22:43,219 ERROR [Text Viewer Hover Presenter] - IScalaPresentationCompiler$ - Ignoring InterruptException
2015-10-11 23:22:43,319 ERROR [Text Viewer Hover Presenter] - IScalaPresentationCompiler$ - Ignoring InterruptException
2015-10-11 23:22:43,319 ERROR [Text Viewer Hover Presenter] - IScalaPresentationCompiler$ - Ignoring InterruptException
2015-10-11 23:22:43,319 ERROR [Text Viewer Hover Presenter] - IScalaPresentationCompiler$ - Ignoring InterruptException
2015-10-11 23:23:42,022  WARN [Worker-20] - ScalaProject - Project Crawler has platform default sourceLevel.
2015-10-11 23:23:42,022  WARN [Worker-20] - ScalaProject - Project Crawler runs on platform default installation.
2015-10-11 23:23:42,029  WARN [Worker-20] - ScalaProject - Project Crawler has platform default sourceLevel.
2015-10-11 23:23:42,029  WARN [Worker-20] - ScalaProject - Project Crawler runs on platform default installation.
2015-10-11 23:23:45,411  WARN [Worker-20] - ScalaProject - Project Crawler has platform default sourceLevel.
2015-10-11 23:23:45,411  WARN [Worker-20] - ScalaProject - Project Crawler runs on platform default installation.
2015-10-11 23:28:52,129 ERROR [Text Viewer Hover Presenter] - IScalaPresentationCompiler$ - Ignoring InterruptException
2015-10-11 23:28:52,176 ERROR [Text Viewer Hover Presenter] - IScalaPresentationCompiler$ - Ignoring InterruptException
2015-10-11 23:28:52,176 ERROR [Text Viewer Hover Presenter] - IScalaPresentationCompiler$ - Ignoring InterruptException
2015-10-11 23:28:52,176 ERROR [Text Viewer Hover Presenter] - IScalaPresentationCompiler$ - Ignoring InterruptException
2015-10-11 23:34:29,912 ERROR [Text Viewer Hover Presenter] - IScalaPresentationCompiler$ - Ignoring InterruptException
2015-10-11 23:34:29,912 ERROR [Text Viewer Hover Presenter] - IScalaPresentationCompiler$ - Ignoring InterruptException
2015-10-11 23:34:29,912 ERROR [Text Viewer Hover Presenter] - IScalaPresentationCompiler$ - Ignoring InterruptException
2015-10-11 23:35:33,988 ERROR [Text Viewer Hover Presenter] - IScalaPresentationCompiler$ - Ignoring InterruptException
2015-10-11 23:35:33,989 ERROR [Text Viewer Hover Presenter] - IScalaPresentationCompiler$ - Ignoring InterruptException
2015-10-11 23:35:33,989 ERROR [Text Viewer Hover Presenter] - IScalaPresentationCompiler$ - Ignoring InterruptException
2015-10-11 23:36:17,681  WARN [Worker-22] - ScalaProject - Project Crawler has platform default sourceLevel.
2015-10-11 23:36:17,681  WARN [Worker-22] - ScalaProject - Project Crawler runs on platform default installation.
2015-10-11 23:36:17,689  WARN [Worker-22] - ScalaProject - Project Crawler has platform default sourceLevel.
2015-10-11 23:36:17,689  WARN [Worker-22] - ScalaProject - Project Crawler runs on platform default installation.
2015-10-11 23:36:21,152  WARN [Worker-22] - ScalaProject - Project Crawler has platform default sourceLevel.
2015-10-11 23:36:21,152  WARN [Worker-22] - ScalaProject - Project Crawler runs on platform default installation.
2015-10-11 23:39:33,976 ERROR [Text Viewer Hover Presenter] - IScalaPresentationCompiler$ - Ignoring InterruptException
2015-10-11 23:39:33,977 ERROR [Text Viewer Hover Presenter] - IScalaPresentationCompiler$ - Ignoring InterruptException
2015-10-11 23:39:33,977 ERROR [Text Viewer Hover Presenter] - IScalaPresentationCompiler$ - Ignoring InterruptException
2015-10-11 23:39:37,571  WARN [Worker-22] - ScalaProject - Project Crawler has platform default sourceLevel.
2015-10-11 23:39:37,572  WARN [Worker-22] - ScalaProject - Project Crawler runs on platform default installation.
2015-10-11 23:39:37,581  WARN [Worker-22] - ScalaProject - Project Crawler has platform default sourceLevel.
2015-10-11 23:39:37,582  WARN [Worker-22] - ScalaProject - Project Crawler runs on platform default installation.
2015-10-11 23:39:38,612  WARN [Worker-22] - ScalaProject - Project Crawler has platform default sourceLevel.
2015-10-11 23:39:38,612  WARN [Worker-22] - ScalaProject - Project Crawler runs on platform default installation.
2015-10-11 23:39:39,601 ERROR [Text Viewer Hover Presenter] - IScalaPresentationCompiler$ - Ignoring InterruptException
2015-10-11 23:39:39,601 ERROR [Text Viewer Hover Presenter] - IScalaPresentationCompiler$ - Ignoring InterruptException
2015-10-11 23:39:39,602 ERROR [Text Viewer Hover Presenter] - IScalaPresentationCompiler$ - Ignoring InterruptException
2015-10-11 23:44:27,480  WARN [Worker-24] - ScalaProject - Project Crawler has platform default sourceLevel.
2015-10-11 23:44:27,480  WARN [Worker-24] - ScalaProject - Project Crawler runs on platform default installation.
2015-10-11 23:44:27,491  WARN [Worker-24] - ScalaProject - Project Crawler has platform default sourceLevel.
2015-10-11 23:44:27,491  WARN [Worker-24] - ScalaProject - Project Crawler runs on platform default installation.
2015-10-11 23:44:31,302  WARN [Worker-24] - ScalaProject - Project Crawler has platform default sourceLevel.
2015-10-11 23:44:31,303  WARN [Worker-24] - ScalaProject - Project Crawler runs on platform default installation.
2015-10-11 23:50:02,168 ERROR [Text Viewer Hover Presenter] - IScalaPresentationCompiler$ - Ignoring InterruptException
2015-10-11 23:50:02,775 ERROR [Text Viewer Hover Presenter] - IScalaPresentationCompiler$ - Ignoring InterruptException
2015-10-11 23:50:02,775 ERROR [Text Viewer Hover Presenter] - IScalaPresentationCompiler$ - Ignoring InterruptException
2015-10-11 23:50:02,776 ERROR [Text Viewer Hover Presenter] - IScalaPresentationCompiler$ - Ignoring InterruptException
2015-10-11 23:50:04,431  WARN [Worker-29] - ScalaProject - Project Crawler has platform default sourceLevel.
2015-10-11 23:50:04,431  WARN [Worker-29] - ScalaProject - Project Crawler runs on platform default installation.
2015-10-11 23:50:04,440  WARN [Worker-29] - ScalaProject - Project Crawler has platform default sourceLevel.
2015-10-11 23:50:04,440  WARN [Worker-29] - ScalaProject - Project Crawler runs on platform default installation.
2015-10-11 23:50:08,043  WARN [Worker-29] - ScalaProject - Project Crawler has platform default sourceLevel.
2015-10-11 23:50:08,043  WARN [Worker-29] - ScalaProject - Project Crawler runs on platform default installation.
2015-10-11 23:53:26,746  WARN [Worker-8] - ScalaProject - Project Crawler has platform default sourceLevel.
2015-10-11 23:53:26,747  WARN [Worker-8] - ScalaProject - Project Crawler runs on platform default installation.
2015-10-11 23:53:26,755  WARN [Worker-8] - ScalaProject - Project Crawler has platform default sourceLevel.
2015-10-11 23:53:26,755  WARN [Worker-8] - ScalaProject - Project Crawler runs on platform default installation.
2015-10-11 23:53:30,611  WARN [Worker-8] - ScalaProject - Project Crawler has platform default sourceLevel.
2015-10-11 23:53:30,611  WARN [Worker-8] - ScalaProject - Project Crawler runs on platform default installation.
2015-10-12 00:02:30,399  WARN [Worker-30] - ScalaProject - Project Crawler has platform default sourceLevel.
2015-10-12 00:02:30,400  WARN [Worker-30] - ScalaProject - Project Crawler runs on platform default installation.
2015-10-12 00:02:30,407  WARN [Worker-30] - ScalaProject - Project Crawler has platform default sourceLevel.
2015-10-12 00:02:30,407  WARN [Worker-30] - ScalaProject - Project Crawler runs on platform default installation.
2015-10-12 00:02:34,128  WARN [Worker-30] - ScalaProject - Project Crawler has platform default sourceLevel.
2015-10-12 00:02:34,128  WARN [Worker-30] - ScalaProject - Project Crawler runs on platform default installation.
2015-10-12 00:04:45,930 ERROR [Text Viewer Hover Presenter] - IScalaPresentationCompiler$ - Ignoring InterruptException
2015-10-12 00:04:45,930 ERROR [Text Viewer Hover Presenter] - IScalaPresentationCompiler$ - Ignoring InterruptException
2015-10-12 00:04:45,930 ERROR [Text Viewer Hover Presenter] - IScalaPresentationCompiler$ - Ignoring InterruptException
2015-10-12 00:05:47,423 ERROR [Text Viewer Hover Presenter] - IScalaPresentationCompiler$ - Ignoring InterruptException
2015-10-12 00:05:47,423 ERROR [Text Viewer Hover Presenter] - IScalaPresentationCompiler$ - Ignoring InterruptException
2015-10-12 00:05:47,424 ERROR [Text Viewer Hover Presenter] - IScalaPresentationCompiler$ - Ignoring InterruptException
2015-10-12 00:06:20,728 ERROR [Text Viewer Hover Presenter] - IScalaPresentationCompiler$ - Ignoring InterruptException
2015-10-12 00:06:20,729 ERROR [Text Viewer Hover Presenter] - IScalaPresentationCompiler$ - Ignoring InterruptException
2015-10-12 00:06:20,729 ERROR [Text Viewer Hover Presenter] - IScalaPresentationCompiler$ - Ignoring InterruptException
2015-10-12 00:06:49,282 ERROR [Text Viewer Hover Presenter] - IScalaPresentationCompiler$ - Ignoring InterruptException
2015-10-12 00:06:49,282 ERROR [Text Viewer Hover Presenter] - IScalaPresentationCompiler$ - Ignoring InterruptException
2015-10-12 00:06:49,282 ERROR [Text Viewer Hover Presenter] - IScalaPresentationCompiler$ - Ignoring InterruptException
2015-10-12 00:07:52,831  WARN [Worker-31] - ScalaProject - Project Crawler has platform default sourceLevel.
2015-10-12 00:07:52,831  WARN [Worker-31] - ScalaProject - Project Crawler runs on platform default installation.
2015-10-12 00:07:52,837  WARN [Worker-31] - ScalaProject - Project Crawler has platform default sourceLevel.
2015-10-12 00:07:52,837  WARN [Worker-31] - ScalaProject - Project Crawler runs on platform default installation.
2015-10-12 00:07:56,386  WARN [Worker-31] - ScalaProject - Project Crawler has platform default sourceLevel.
2015-10-12 00:07:56,386  WARN [Worker-31] - ScalaProject - Project Crawler runs on platform default installation.
2015-10-12 00:08:22,669  WARN [Worker-31] - ScalaProject - Project Crawler has platform default sourceLevel.
2015-10-12 00:08:22,669  WARN [Worker-31] - ScalaProject - Project Crawler runs on platform default installation.
2015-10-12 00:08:22,676  WARN [Worker-31] - ScalaProject - Project Crawler has platform default sourceLevel.
2015-10-12 00:08:22,677  WARN [Worker-31] - ScalaProject - Project Crawler runs on platform default installation.
2015-10-12 00:08:26,213  WARN [Worker-31] - ScalaProject - Project Crawler has platform default sourceLevel.
2015-10-12 00:08:26,214  WARN [Worker-31] - ScalaProject - Project Crawler runs on platform default installation.
2015-10-12 00:15:07,010 ERROR [Text Viewer Hover Presenter] - IScalaPresentationCompiler$ - Ignoring InterruptException
2015-10-12 00:15:07,010 ERROR [Text Viewer Hover Presenter] - IScalaPresentationCompiler$ - Ignoring InterruptException
2015-10-12 00:15:07,010 ERROR [Text Viewer Hover Presenter] - IScalaPresentationCompiler$ - Ignoring InterruptException
2015-10-12 00:15:29,757  WARN [Worker-30] - ScalaProject - Project Crawler has platform default sourceLevel.
2015-10-12 00:15:29,757  WARN [Worker-30] - ScalaProject - Project Crawler runs on platform default installation.
2015-10-12 00:15:29,764  WARN [Worker-30] - ScalaProject - Project Crawler has platform default sourceLevel.
2015-10-12 00:15:29,764  WARN [Worker-30] - ScalaProject - Project Crawler runs on platform default installation.
2015-10-12 00:15:33,296  WARN [Worker-30] - ScalaProject - Project Crawler has platform default sourceLevel.
2015-10-12 00:15:33,296  WARN [Worker-30] - ScalaProject - Project Crawler runs on platform default installation.
2015-10-12 17:05:31,785  WARN [main] - ScalaProject - Project Crawler has platform default sourceLevel.
2015-10-12 17:05:31,787  WARN [main] - ScalaProject - Project Crawler runs on platform default installation.
2015-10-12 17:05:31,793  WARN [main] - ScalaProject - Project Crawler has platform default sourceLevel.
2015-10-12 17:05:31,793  WARN [main] - ScalaProject - Project Crawler runs on platform default installation.
2015-10-12 17:11:21,101  WARN [Worker-0] - ScalaProject - Project Crawler has platform default sourceLevel.
2015-10-12 17:11:21,102  WARN [Worker-0] - ScalaProject - Project Crawler runs on platform default installation.
2015-10-12 17:11:21,130  WARN [Worker-0] - ScalaProject - Project Crawler has platform default sourceLevel.
2015-10-12 17:11:21,130  WARN [Worker-0] - ScalaProject - Project Crawler runs on platform default installation.
2015-10-12 17:11:21,241  WARN [Worker-0] - ScalaProject - Project Crawler has platform default sourceLevel.
2015-10-12 17:11:21,241  WARN [Worker-0] - ScalaProject - Project Crawler runs on platform default installation.
2015-10-12 17:11:25,244  WARN [Worker-0] - ScalaProject - Project Crawler has platform default sourceLevel.
2015-10-12 17:11:25,244  WARN [Worker-0] - ScalaProject - Project Crawler runs on platform default installation.
2015-10-12 17:11:27,225 ERROR [Worker-6] - System.err - SLF4J: Failed to load class "org.slf4j.impl.StaticLoggerBinder".
2015-10-12 17:11:27,225 ERROR [Worker-6] - System.err - SLF4J: Defaulting to no-operation (NOP) logger implementation
2015-10-12 17:11:27,225 ERROR [Worker-6] - System.err - SLF4J: See http://www.slf4j.org/codes.html#StaticLoggerBinder for further details.
2015-10-12 17:24:37,877  WARN [Worker-8] - ScalaProject - Project Crawler has platform default sourceLevel.
2015-10-12 17:24:37,877  WARN [Worker-8] - ScalaProject - Project Crawler runs on platform default installation.
2015-10-12 17:24:37,888  WARN [Worker-8] - ScalaProject - Project Crawler has platform default sourceLevel.
2015-10-12 17:24:37,888  WARN [Worker-8] - ScalaProject - Project Crawler runs on platform default installation.
2015-10-12 17:24:39,779 ERROR [Text Viewer Hover Presenter] - IScalaPresentationCompiler$ - Ignoring InterruptException
2015-10-12 17:24:39,779 ERROR [Text Viewer Hover Presenter] - IScalaPresentationCompiler$ - Ignoring InterruptException
2015-10-12 17:24:39,779 ERROR [Text Viewer Hover Presenter] - IScalaPresentationCompiler$ - Ignoring InterruptException
2015-10-12 17:24:41,484  WARN [Worker-8] - ScalaProject - Project Crawler has platform default sourceLevel.
2015-10-12 17:24:41,484  WARN [Worker-8] - ScalaProject - Project Crawler runs on platform default installation.
2015-10-12 17:32:10,633 ERROR [Text Viewer Hover Presenter] - IScalaPresentationCompiler$ - Ignoring InterruptException
2015-10-12 17:32:10,634 ERROR [Text Viewer Hover Presenter] - IScalaPresentationCompiler$ - Ignoring InterruptException
2015-10-12 17:32:10,634 ERROR [Text Viewer Hover Presenter] - IScalaPresentationCompiler$ - Ignoring InterruptException
2015-10-12 17:32:19,500  WARN [Worker-3] - ScalaProject - Project Crawler has platform default sourceLevel.
2015-10-12 17:32:19,501  WARN [Worker-3] - ScalaProject - Project Crawler runs on platform default installation.
2015-10-12 17:32:19,512  WARN [Worker-3] - ScalaProject - Project Crawler has platform default sourceLevel.
2015-10-12 17:32:19,512  WARN [Worker-3] - ScalaProject - Project Crawler runs on platform default installation.
2015-10-12 17:32:22,941  WARN [Worker-3] - ScalaProject - Project Crawler has platform default sourceLevel.
2015-10-12 17:32:22,941  WARN [Worker-3] - ScalaProject - Project Crawler runs on platform default installation.
2015-10-12 17:32:29,126  WARN [Worker-8] - ScalaProject - Project Crawler has platform default sourceLevel.
2015-10-12 17:32:29,126  WARN [Worker-8] - ScalaProject - Project Crawler runs on platform default installation.
2015-10-12 17:32:29,135  WARN [Worker-8] - ScalaProject - Project Crawler has platform default sourceLevel.
2015-10-12 17:32:29,135  WARN [Worker-8] - ScalaProject - Project Crawler runs on platform default installation.
2015-10-12 17:32:30,217  WARN [Worker-8] - ScalaProject - Project Crawler has platform default sourceLevel.
2015-10-12 17:32:30,217  WARN [Worker-8] - ScalaProject - Project Crawler runs on platform default installation.
2015-10-12 17:32:30,574 ERROR [Text Viewer Hover Presenter] - IScalaPresentationCompiler$ - Ignoring InterruptException
2015-10-12 17:32:30,574 ERROR [Text Viewer Hover Presenter] - IScalaPresentationCompiler$ - Ignoring InterruptException
2015-10-12 17:32:30,574 ERROR [Text Viewer Hover Presenter] - IScalaPresentationCompiler$ - Ignoring InterruptException
2015-10-12 17:45:40,775  WARN [Worker-7] - ScalaProject - Project Crawler has platform default sourceLevel.
2015-10-12 17:45:40,776  WARN [Worker-7] - ScalaProject - Project Crawler runs on platform default installation.
2015-10-12 17:45:40,785  WARN [Worker-7] - ScalaProject - Project Crawler has platform default sourceLevel.
2015-10-12 17:45:40,785  WARN [Worker-7] - ScalaProject - Project Crawler runs on platform default installation.
2015-10-12 17:45:42,435 ERROR [Text Viewer Hover Presenter] - IScalaPresentationCompiler$ - Ignoring InterruptException
2015-10-12 17:45:42,435 ERROR [Text Viewer Hover Presenter] - IScalaPresentationCompiler$ - Ignoring InterruptException
2015-10-12 17:45:42,435 ERROR [Text Viewer Hover Presenter] - IScalaPresentationCompiler$ - Ignoring InterruptException
2015-10-12 17:45:44,321  WARN [Worker-7] - ScalaProject - Project Crawler has platform default sourceLevel.
2015-10-12 17:45:44,321  WARN [Worker-7] - ScalaProject - Project Crawler runs on platform default installation.
2015-10-12 17:46:05,077  WARN [Worker-6] - ScalaProject - Project Crawler has platform default sourceLevel.
2015-10-12 17:46:05,077  WARN [Worker-6] - ScalaProject - Project Crawler runs on platform default installation.
2015-10-12 17:46:05,084  WARN [Worker-6] - ScalaProject - Project Crawler has platform default sourceLevel.
2015-10-12 17:46:05,084  WARN [Worker-6] - ScalaProject - Project Crawler runs on platform default installation.
2015-10-12 17:46:06,192  WARN [Worker-6] - ScalaProject - Project Crawler has platform default sourceLevel.
2015-10-12 17:46:06,193  WARN [Worker-6] - ScalaProject - Project Crawler runs on platform default installation.
2015-10-12 20:37:32,887  WARN [main] - ScalaProject - Project Crawler has platform default sourceLevel.
2015-10-12 20:37:32,889  WARN [main] - ScalaProject - Project Crawler runs on platform default installation.
2015-10-12 20:37:32,892  WARN [main] - ScalaProject - Project Crawler has platform default sourceLevel.
2015-10-12 20:37:32,892  WARN [main] - ScalaProject - Project Crawler runs on platform default installation.
2015-10-12 20:39:06,614  WARN [ModalContext] - ScalaProject - Project Test has platform default sourceLevel.
2015-10-12 20:39:06,615  WARN [ModalContext] - ScalaProject - Project Test runs on platform default installation.
2015-10-12 20:39:07,004  WARN [Worker-2] - ScalaProject - Project Test has platform default sourceLevel.
2015-10-12 20:39:07,004  WARN [Worker-2] - ScalaProject - Project Test runs on platform default installation.
2015-10-12 20:39:07,118  WARN [Worker-2] - ScalaProject - Project Test has platform default sourceLevel.
2015-10-12 20:39:07,118  WARN [Worker-2] - ScalaProject - Project Test runs on platform default installation.
2015-10-12 20:39:07,129  WARN [Worker-2] - ScalaProject - Project Test has platform default sourceLevel.
2015-10-12 20:39:07,129  WARN [Worker-2] - ScalaProject - Project Test runs on platform default installation.
2015-10-12 20:40:00,086  WARN [main] - ScalaProject - Project Test has platform default sourceLevel.
2015-10-12 20:40:00,086  WARN [main] - ScalaProject - Project Test runs on platform default installation.
2015-10-12 20:40:00,926  WARN [main] - ScalaProject - Project Test has platform default sourceLevel.
2015-10-12 20:40:00,926  WARN [main] - ScalaProject - Project Test runs on platform default installation.
2015-10-12 20:40:01,019  WARN [Worker-2] - ScalaProject - Project Test has platform default sourceLevel.
2015-10-12 20:40:01,020  WARN [Worker-2] - ScalaProject - Project Test runs on platform default installation.
2015-10-12 20:40:01,028  WARN [Worker-2] - ScalaProject - Project Test has platform default sourceLevel.
2015-10-12 20:40:01,028  WARN [Worker-2] - ScalaProject - Project Test runs on platform default installation.
2015-10-12 20:40:03,085  WARN [Worker-2] - ScalaProject - Project Test has platform default sourceLevel.
2015-10-12 20:40:03,085  WARN [Worker-2] - ScalaProject - Project Test runs on platform default installation.
2015-10-12 21:04:54,776 ERROR [Text Viewer Hover Presenter] - IScalaPresentationCompiler$ - Ignoring InterruptException
2015-10-12 21:04:54,776 ERROR [Text Viewer Hover Presenter] - IScalaPresentationCompiler$ - Ignoring InterruptException
2015-10-12 21:04:54,776 ERROR [Text Viewer Hover Presenter] - IScalaPresentationCompiler$ - Ignoring InterruptException
2015-10-12 21:05:02,596  WARN [Worker-5] - ScalaProject - Project Crawler has platform default sourceLevel.
2015-10-12 21:05:02,596  WARN [Worker-5] - ScalaProject - Project Crawler runs on platform default installation.
2015-10-12 21:05:02,599  WARN [Worker-5] - ScalaProject - Project Crawler has platform default sourceLevel.
2015-10-12 21:05:02,599  WARN [Worker-5] - ScalaProject - Project Crawler runs on platform default installation.
2015-10-12 21:05:02,608  WARN [Worker-5] - ScalaProject - Project Crawler has platform default sourceLevel.
2015-10-12 21:05:02,608  WARN [Worker-5] - ScalaProject - Project Crawler runs on platform default installation.
2015-10-12 21:05:06,351  WARN [Worker-5] - ScalaProject - Project Crawler has platform default sourceLevel.
2015-10-12 21:05:06,351  WARN [Worker-5] - ScalaProject - Project Crawler runs on platform default installation.
2015-10-12 21:05:06,506 ERROR [Worker-5] - System.err - SLF4J: Failed to load class "org.slf4j.impl.StaticLoggerBinder".
2015-10-12 21:05:06,506 ERROR [Worker-5] - System.err - SLF4J: Defaulting to no-operation (NOP) logger implementation
2015-10-12 21:05:06,506 ERROR [Worker-5] - System.err - SLF4J: See http://www.slf4j.org/codes.html#StaticLoggerBinder for further details.
2015-10-12 21:21:11,837  WARN [Worker-0] - ScalaProject - Project Crawler has platform default sourceLevel.
2015-10-12 21:21:11,837  WARN [Worker-0] - ScalaProject - Project Crawler runs on platform default installation.
2015-10-12 21:21:11,848  WARN [Worker-0] - ScalaProject - Project Crawler has platform default sourceLevel.
2015-10-12 21:21:11,848  WARN [Worker-0] - ScalaProject - Project Crawler runs on platform default installation.
2015-10-12 21:25:02,360  WARN [Worker-0] - ScalaProject - Project Crawler has platform default sourceLevel.
2015-10-12 21:25:02,360  WARN [Worker-0] - ScalaProject - Project Crawler runs on platform default installation.
2015-10-12 21:25:02,367  WARN [Worker-0] - ScalaProject - Project Crawler has platform default sourceLevel.
2015-10-12 21:25:02,367  WARN [Worker-0] - ScalaProject - Project Crawler runs on platform default installation.
2015-10-12 21:25:17,607  WARN [Worker-0] - ScalaProject - Project Crawler has platform default sourceLevel.
2015-10-12 21:25:17,607  WARN [Worker-0] - ScalaProject - Project Crawler runs on platform default installation.
2015-10-12 21:25:17,614  WARN [Worker-0] - ScalaProject - Project Crawler has platform default sourceLevel.
2015-10-12 21:25:17,614  WARN [Worker-0] - ScalaProject - Project Crawler runs on platform default installation.
2015-10-12 21:27:41,036  WARN [Worker-8] - ScalaProject - Project Crawler has platform default sourceLevel.
2015-10-12 21:27:41,037  WARN [Worker-8] - ScalaProject - Project Crawler runs on platform default installation.
2015-10-12 21:27:41,046  WARN [Worker-8] - ScalaProject - Project Crawler has platform default sourceLevel.
2015-10-12 21:27:41,046  WARN [Worker-8] - ScalaProject - Project Crawler runs on platform default installation.
2015-10-12 21:27:43,598  WARN [Worker-8] - ScalaProject - Project Crawler has platform default sourceLevel.
2015-10-12 21:27:43,599  WARN [Worker-8] - ScalaProject - Project Crawler runs on platform default installation.
2015-10-12 21:30:34,685 ERROR [Text Viewer Hover Presenter] - IScalaPresentationCompiler$ - Ignoring InterruptException
2015-10-12 21:30:34,685 ERROR [Text Viewer Hover Presenter] - IScalaPresentationCompiler$ - Ignoring InterruptException
2015-10-12 21:30:34,685 ERROR [Text Viewer Hover Presenter] - IScalaPresentationCompiler$ - Ignoring InterruptException
2015-10-12 21:30:49,668 ERROR [Text Viewer Hover Presenter] - IScalaPresentationCompiler$ - Ignoring InterruptException
2015-10-12 21:30:49,669 ERROR [Text Viewer Hover Presenter] - IScalaPresentationCompiler$ - Ignoring InterruptException
2015-10-12 21:30:49,669 ERROR [Text Viewer Hover Presenter] - IScalaPresentationCompiler$ - Ignoring InterruptException
2015-10-12 21:31:47,803  WARN [Worker-7] - ScalaProject - Project Crawler has platform default sourceLevel.
2015-10-12 21:31:47,803  WARN [Worker-7] - ScalaProject - Project Crawler runs on platform default installation.
2015-10-12 21:31:47,811  WARN [Worker-7] - ScalaProject - Project Crawler has platform default sourceLevel.
2015-10-12 21:31:47,811  WARN [Worker-7] - ScalaProject - Project Crawler runs on platform default installation.
2015-10-12 21:31:51,425  WARN [Worker-7] - ScalaProject - Project Crawler has platform default sourceLevel.
2015-10-12 21:31:51,425  WARN [Worker-7] - ScalaProject - Project Crawler runs on platform default installation.
2015-10-12 21:32:06,568  WARN [Worker-12] - ScalaProject - Project Crawler has platform default sourceLevel.
2015-10-12 21:32:06,568  WARN [Worker-12] - ScalaProject - Project Crawler runs on platform default installation.
2015-10-12 21:32:06,574  WARN [Worker-12] - ScalaProject - Project Crawler has platform default sourceLevel.
2015-10-12 21:32:06,575  WARN [Worker-12] - ScalaProject - Project Crawler runs on platform default installation.
2015-10-12 21:32:07,613  WARN [Worker-12] - ScalaProject - Project Crawler has platform default sourceLevel.
2015-10-12 21:32:07,613  WARN [Worker-12] - ScalaProject - Project Crawler runs on platform default installation.
2015-10-12 21:33:31,448  WARN [Worker-11] - ScalaProject - Project Crawler has platform default sourceLevel.
2015-10-12 21:33:31,448  WARN [Worker-11] - ScalaProject - Project Crawler runs on platform default installation.
2015-10-12 21:33:31,457  WARN [Worker-11] - ScalaProject - Project Crawler has platform default sourceLevel.
2015-10-12 21:33:31,457  WARN [Worker-11] - ScalaProject - Project Crawler runs on platform default installation.
2015-10-12 21:33:34,898  WARN [Worker-11] - ScalaProject - Project Crawler has platform default sourceLevel.
2015-10-12 21:33:34,898  WARN [Worker-11] - ScalaProject - Project Crawler runs on platform default installation.
2015-10-12 21:35:42,219  WARN [Worker-11] - ScalaProject - Project Crawler has platform default sourceLevel.
2015-10-12 21:35:42,220  WARN [Worker-11] - ScalaProject - Project Crawler runs on platform default installation.
2015-10-12 21:35:42,227  WARN [Worker-11] - ScalaProject - Project Crawler has platform default sourceLevel.
2015-10-12 21:35:42,227  WARN [Worker-11] - ScalaProject - Project Crawler runs on platform default installation.
2015-10-12 21:35:45,743  WARN [Worker-11] - ScalaProject - Project Crawler has platform default sourceLevel.
2015-10-12 21:35:45,743  WARN [Worker-11] - ScalaProject - Project Crawler runs on platform default installation.
2015-10-12 21:37:23,768  WARN [Worker-13] - ScalaProject - Project Crawler has platform default sourceLevel.
2015-10-12 21:37:23,769  WARN [Worker-13] - ScalaProject - Project Crawler runs on platform default installation.
2015-10-12 21:37:23,776  WARN [Worker-13] - ScalaProject - Project Crawler has platform default sourceLevel.
2015-10-12 21:37:23,776  WARN [Worker-13] - ScalaProject - Project Crawler runs on platform default installation.
2015-10-12 21:37:27,342  WARN [Worker-13] - ScalaProject - Project Crawler has platform default sourceLevel.
2015-10-12 21:37:27,342  WARN [Worker-13] - ScalaProject - Project Crawler runs on platform default installation.
2015-10-12 21:40:14,581  WARN [Worker-7] - ScalaProject - Project Crawler has platform default sourceLevel.
2015-10-12 21:40:14,582  WARN [Worker-7] - ScalaProject - Project Crawler runs on platform default installation.
2015-10-12 21:40:14,588  WARN [Worker-7] - ScalaProject - Project Crawler has platform default sourceLevel.
2015-10-12 21:40:14,588  WARN [Worker-7] - ScalaProject - Project Crawler runs on platform default installation.
2015-10-12 21:40:18,129  WARN [Worker-7] - ScalaProject - Project Crawler has platform default sourceLevel.
2015-10-12 21:40:18,129  WARN [Worker-7] - ScalaProject - Project Crawler runs on platform default installation.
2015-10-12 21:41:57,117  WARN [Worker-14] - ScalaProject - Project Crawler has platform default sourceLevel.
2015-10-12 21:41:57,117  WARN [Worker-14] - ScalaProject - Project Crawler runs on platform default installation.
2015-10-12 21:41:57,128  WARN [Worker-14] - ScalaProject - Project Crawler has platform default sourceLevel.
2015-10-12 21:41:57,128  WARN [Worker-14] - ScalaProject - Project Crawler runs on platform default installation.
2015-10-12 21:42:00,643  WARN [Worker-14] - ScalaProject - Project Crawler has platform default sourceLevel.
2015-10-12 21:42:00,643  WARN [Worker-14] - ScalaProject - Project Crawler runs on platform default installation.
2015-10-12 21:43:48,706 ERROR [Text Viewer Hover Presenter] - IScalaPresentationCompiler$ - Ignoring InterruptException
2015-10-12 21:43:48,706 ERROR [Text Viewer Hover Presenter] - IScalaPresentationCompiler$ - Ignoring InterruptException
2015-10-12 21:43:48,706 ERROR [Text Viewer Hover Presenter] - IScalaPresentationCompiler$ - Ignoring InterruptException
2015-10-12 21:44:59,084 ERROR [Text Viewer Hover Presenter] - IScalaPresentationCompiler$ - Ignoring InterruptException
2015-10-12 21:44:59,084 ERROR [Text Viewer Hover Presenter] - IScalaPresentationCompiler$ - Ignoring InterruptException
2015-10-12 21:44:59,084 ERROR [Text Viewer Hover Presenter] - IScalaPresentationCompiler$ - Ignoring InterruptException
2015-10-12 21:45:11,447  WARN [Worker-12] - ScalaProject - Project Crawler has platform default sourceLevel.
2015-10-12 21:45:11,447  WARN [Worker-12] - ScalaProject - Project Crawler runs on platform default installation.
2015-10-12 21:45:11,452  WARN [Worker-12] - ScalaProject - Project Crawler has platform default sourceLevel.
2015-10-12 21:45:11,453  WARN [Worker-12] - ScalaProject - Project Crawler runs on platform default installation.
2015-10-12 21:45:15,013  WARN [Worker-12] - ScalaProject - Project Crawler has platform default sourceLevel.
2015-10-12 21:45:15,013  WARN [Worker-12] - ScalaProject - Project Crawler runs on platform default installation.
2015-10-12 21:48:29,585  WARN [Worker-14] - ScalaProject - Project Crawler has platform default sourceLevel.
2015-10-12 21:48:29,586  WARN [Worker-14] - ScalaProject - Project Crawler runs on platform default installation.
2015-10-12 21:48:29,593  WARN [Worker-14] - ScalaProject - Project Crawler has platform default sourceLevel.
2015-10-12 21:48:29,593  WARN [Worker-14] - ScalaProject - Project Crawler runs on platform default installation.
2015-10-12 21:48:30,684  WARN [Worker-14] - ScalaProject - Project Crawler has platform default sourceLevel.
2015-10-12 21:48:30,684  WARN [Worker-14] - ScalaProject - Project Crawler runs on platform default installation.
2015-10-12 21:49:44,263  WARN [Worker-15] - ScalaProject - Project Crawler has platform default sourceLevel.
2015-10-12 21:49:44,264  WARN [Worker-15] - ScalaProject - Project Crawler runs on platform default installation.
2015-10-12 21:49:44,269  WARN [Worker-15] - ScalaProject - Project Crawler has platform default sourceLevel.
2015-10-12 21:49:44,269  WARN [Worker-15] - ScalaProject - Project Crawler runs on platform default installation.
2015-10-12 21:49:48,163  WARN [Worker-15] - ScalaProject - Project Crawler has platform default sourceLevel.
2015-10-12 21:49:48,164  WARN [Worker-15] - ScalaProject - Project Crawler runs on platform default installation.
2015-10-12 21:51:58,301  WARN [Worker-16] - ScalaProject - Project Crawler has platform default sourceLevel.
2015-10-12 21:51:58,301  WARN [Worker-16] - ScalaProject - Project Crawler runs on platform default installation.
2015-10-12 21:51:58,308  WARN [Worker-16] - ScalaProject - Project Crawler has platform default sourceLevel.
2015-10-12 21:51:58,308  WARN [Worker-16] - ScalaProject - Project Crawler runs on platform default installation.
2015-10-12 21:52:01,838  WARN [Worker-16] - ScalaProject - Project Crawler has platform default sourceLevel.
2015-10-12 21:52:01,838  WARN [Worker-16] - ScalaProject - Project Crawler runs on platform default installation.
2015-10-12 21:55:39,825  WARN [Worker-14] - ScalaProject - Project Crawler has platform default sourceLevel.
2015-10-12 21:55:39,826  WARN [Worker-14] - ScalaProject - Project Crawler runs on platform default installation.
2015-10-12 21:55:39,833  WARN [Worker-14] - ScalaProject - Project Crawler has platform default sourceLevel.
2015-10-12 21:55:39,834  WARN [Worker-14] - ScalaProject - Project Crawler runs on platform default installation.
2015-10-12 21:55:43,495  WARN [Worker-14] - ScalaProject - Project Crawler has platform default sourceLevel.
2015-10-12 21:55:43,495  WARN [Worker-14] - ScalaProject - Project Crawler runs on platform default installation.
2015-10-12 21:57:41,340  WARN [Worker-0] - ScalaProject - Project Crawler has platform default sourceLevel.
2015-10-12 21:57:41,340  WARN [Worker-0] - ScalaProject - Project Crawler runs on platform default installation.
2015-10-12 21:57:41,348  WARN [Worker-0] - ScalaProject - Project Crawler has platform default sourceLevel.
2015-10-12 21:57:41,348  WARN [Worker-0] - ScalaProject - Project Crawler runs on platform default installation.
2015-10-12 21:57:45,116  WARN [Worker-0] - ScalaProject - Project Crawler has platform default sourceLevel.
2015-10-12 21:57:45,117  WARN [Worker-0] - ScalaProject - Project Crawler runs on platform default installation.
